<?xml version="1.0" encoding="UTF-8"?>
<!-- Generated by org.testng.reporters.JUnitXMLReporter -->
<testsuite ignored="14" hostname="DESKTOP-0NLBU48" failures="2" tests="25" name="Demoblaze Tests" time="326.264" errors="0" timestamp="2025-07-01T02:47:14 IST">
  <testcase classname="tests.LoginTest" name="loginWithValidCredentials" time="9.529"/>
  <testcase classname="tests.LoginTest" name="loginWithWrongPassword" time="9.238"/>
  <testcase classname="tests.LoginTest" name="loginWithEmptyFields" time="8.545"/>
  <testcase classname="tests.LoginTest" name="loginWithInvalidEmailFormat" time="8.342"/>
  <testcase classname="tests.LoginTest" name="verifyPasswordIsMasked" time="5.85"/>
  <testcase classname="tests.SignupTest" name="signUpWithUniqueCredentials" time="8.071"/>
  <testcase classname="tests.SignupTest" name="signUpWithExistingUsername" time="8.07"/>
  <testcase classname="tests.SignupTest" name="signUpWithEmptyFields" time="7.752"/>
  <testcase classname="tests.CartTest" name="addProductToCart" time="14.215"/>
  <testcase classname="tests.CartTest" name="viewCartWithAddedProducts" time="3.58"/>
  <testcase classname="tests.CartTest" name="removeProductFromCart" time="6.811">
    <failure type="java.lang.AssertionError" message="expected [false] but found [true]">
      <![CDATA[java.lang.AssertionError: expected [false] but found [true]
at tests.CartTest.removeProductFromCart(CartTest.java:56)
at java.base/java.util.ArrayList.forEach(ArrayList.java:1596)
... Removed 29 stack frames]]>
    </failure>
  </testcase> <!-- removeProductFromCart -->
  <testcase classname="tests.CartTest" name="addMultipleProductsToCart" time="25.666"/>
  <testcase classname="tests.OrderTest" name="placeOrderWithValidDetails" time="24.699"/>
  <testcase classname="tests.OrderTest" name="placeOrderWithEmptyForm" time="25.459">
    <failure type="org.openqa.selenium.UnhandledAlertException" message="unexpected alert open: {Alert text : Please fill out Name and Creditcard.}
  (Session info: chrome=136.0.7103.93): Please fill out Name and Creditcard.
Build info: version: &amp;apos;4.19.1&amp;apos;, revision: &amp;apos;abe0ee07dc&amp;apos;
System info: os.name: &amp;apos;Windows 11&amp;apos;, os.arch: &amp;apos;amd64&amp;apos;, os.version: &amp;apos;10.0&amp;apos;, java.version: &amp;apos;21.0.7&amp;apos;
Driver info: org.openqa.selenium.chrome.ChromeDriver
Command: [04505c5f56430680ee7ec31e7eb505a4, findElements {value=orderModalLabel, using=id}]
Capabilities {acceptInsecureCerts: false, browserName: chrome, browserVersion: 136.0.7103.93, chrome: {chromedriverVersion: 136.0.7103.113 (76fa3c17824..., userDataDir: C:\Users\Sathya\AppData\Loc...}, fedcm:accounts: true, goog:chromeOptions: {debuggerAddress: localhost:55004}, networkConnectionEnabled: false, pageLoadStrategy: normal, platformName: windows, proxy: Proxy(), se:cdp: ws://localhost:55004/devtoo..., se:cdpVersion: 136.0.7103.93, setWindowRect: true, strictFileInteractability: false, timeouts: {implicit: 0, pageLoad: 300000, script: 30000}, unhandledPromptBehavior: dismiss and notify, webauthn:extension:credBlob: true, webauthn:extension:largeBlob: true, webauthn:extension:minPinLength: true, webauthn:extension:prf: true, webauthn:virtualAuthenticators: true}
Session ID: 04505c5f56430680ee7ec31e7eb505a4">
      <![CDATA[org.openqa.selenium.UnhandledAlertException: unexpected alert open: {Alert text : Please fill out Name and Creditcard.}
  (Session info: chrome=136.0.7103.93): Please fill out Name and Creditcard.
Build info: version: '4.19.1', revision: 'abe0ee07dc'
System info: os.name: 'Windows 11', os.arch: 'amd64', os.version: '10.0', java.version: '21.0.7'
Driver info: org.openqa.selenium.chrome.ChromeDriver
Command: [04505c5f56430680ee7ec31e7eb505a4, findElements {value=orderModalLabel, using=id}]
Capabilities {acceptInsecureCerts: false, browserName: chrome, browserVersion: 136.0.7103.93, chrome: {chromedriverVersion: 136.0.7103.113 (76fa3c17824..., userDataDir: C:\Users\Sathya\AppData\Loc...}, fedcm:accounts: true, goog:chromeOptions: {debuggerAddress: localhost:55004}, networkConnectionEnabled: false, pageLoadStrategy: normal, platformName: windows, proxy: Proxy(), se:cdp: ws://localhost:55004/devtoo..., se:cdpVersion: 136.0.7103.93, setWindowRect: true, strictFileInteractability: false, timeouts: {implicit: 0, pageLoad: 300000, script: 30000}, unhandledPromptBehavior: dismiss and notify, webauthn:extension:credBlob: true, webauthn:extension:largeBlob: true, webauthn:extension:minPinLength: true, webauthn:extension:prf: true, webauthn:virtualAuthenticators: true}
Session ID: 04505c5f56430680ee7ec31e7eb505a4
at org.openqa.selenium.remote.codec.w3c.W3CHttpResponseCodec.decode(W3CHttpResponseCodec.java:136)
at org.openqa.selenium.remote.codec.w3c.W3CHttpResponseCodec.decode(W3CHttpResponseCodec.java:50)
at org.openqa.selenium.remote.HttpCommandExecutor.execute(HttpCommandExecutor.java:190)
at org.openqa.selenium.remote.service.DriverCommandExecutor.invokeExecute(DriverCommandExecutor.java:216)
at org.openqa.selenium.remote.service.DriverCommandExecutor.execute(DriverCommandExecutor.java:174)
at org.openqa.selenium.remote.RemoteWebDriver.execute(RemoteWebDriver.java:518)
at org.openqa.selenium.remote.ElementLocation$ElementFinder$2.findElements(ElementLocation.java:182)
at org.openqa.selenium.remote.ElementLocation.findElements(ElementLocation.java:103)
at org.openqa.selenium.remote.RemoteWebDriver.findElements(RemoteWebDriver.java:368)
at org.openqa.selenium.remote.RemoteWebDriver.findElements(RemoteWebDriver.java:362)
at tests.OrderTest.placeOrderWithEmptyForm(OrderTest.java:90)
at java.base/java.util.ArrayList.forEach(ArrayList.java:1596)
... Removed 25 stack frames]]>
    </failure>
  </testcase> <!-- placeOrderWithEmptyForm -->
  <testcase classname="tests.OrderTest" name="verifyOrderConfirmationPopup" time="25.913"/>
  <testcase classname="tests.ProductBrowsingTest" name="browsePhonesCategory" time="5.935"/>
  <testcase classname="tests.ProductBrowsingTest" name="viewProductDetails" time="6.588"/>
  <testcase classname="tests.ProductBrowsingTest" name="navigateToHomeFromNavbar" time="9.709"/>
  <testcase classname="tests.ProductBrowsingTest" name="navigateUsingNavbarLinks" time="13.917"/>
  <testcase classname="tests.LogoutTest" name="verifyLogoutAfterLogin" time="12.207"/>
  <testcase classname="tests.UIUXTest" name="verifyProductTileAlignment" time="3.628"/>
  <testcase classname="tests.UIUXTest" name="checkVisibilityOfActionButtons" time="3.803"/>
  <testcase classname="tests.UIUXTest" name="checkFontConsistency" time="3.842"/>
  <testcase classname="tests.UIUXTest" name="testAlertPopupStyling" time="8.946"/>
  <testcase classname="tests.ResponsiveDesignTest" name="verifyNoHorizontalScroll" time="6.003"/>
  <testcase classname="base.BaseTest" name="@AfterSuite flushReport" time="0.0">
    <ignored/>
  </testcase> <!-- @AfterSuite flushReport -->
  <testcase classname="base.BaseTest" name="@BeforeSuite setupReport" time="0.0">
    <ignored/>
  </testcase> <!-- @BeforeSuite setupReport -->
  <testcase classname="base.BaseTest" name="@BeforeSuite setupReport" time="0.0">
    <ignored/>
  </testcase> <!-- @BeforeSuite setupReport -->
  <testcase classname="base.BaseTest" name="@BeforeSuite setupReport" time="0.0">
    <ignored/>
  </testcase> <!-- @BeforeSuite setupReport -->
  <testcase classname="base.BaseTest" name="@AfterSuite flushReport" time="0.0">
    <ignored/>
  </testcase> <!-- @AfterSuite flushReport -->
  <testcase classname="base.BaseTest" name="@AfterSuite flushReport" time="0.0">
    <ignored/>
  </testcase> <!-- @AfterSuite flushReport -->
  <testcase classname="base.BaseTest" name="@AfterSuite flushReport" time="0.0">
    <ignored/>
  </testcase> <!-- @AfterSuite flushReport -->
  <testcase classname="base.BaseTest" name="@BeforeSuite setupReport" time="0.0">
    <ignored/>
  </testcase> <!-- @BeforeSuite setupReport -->
  <testcase classname="base.BaseTest" name="@AfterSuite flushReport" time="0.0">
    <ignored/>
  </testcase> <!-- @AfterSuite flushReport -->
  <testcase classname="base.BaseTest" name="@BeforeSuite setupReport" time="0.0">
    <ignored/>
  </testcase> <!-- @BeforeSuite setupReport -->
  <testcase classname="base.BaseTest" name="@BeforeSuite setupReport" time="0.0">
    <ignored/>
  </testcase> <!-- @BeforeSuite setupReport -->
  <testcase classname="base.BaseTest" name="@BeforeSuite setupReport" time="0.0">
    <ignored/>
  </testcase> <!-- @BeforeSuite setupReport -->
  <testcase classname="base.BaseTest" name="@AfterSuite flushReport" time="0.0">
    <ignored/>
  </testcase> <!-- @AfterSuite flushReport -->
  <testcase classname="base.BaseTest" name="@AfterSuite flushReport" time="0.0">
    <ignored/>
  </testcase> <!-- @AfterSuite flushReport -->
</testsuite> <!-- Demoblaze Tests -->
